This is MetaPost, version 2.11 (TeX Live 2025) (kpathsea version 6.4.1)  9 FEB 2026 11:07
**src/calyptapis.mp
(/usr/local/texlive/2025/texmf-dist/metapost/base/mpost.mp
(/usr/local/texlive/2025/texmf-dist/metapost/base/plain.mp
Preloading the plain mem file, version 1.005) ) (./src/calyptapis.mp
(./src/letters/U10400.mp [1024]) (./src/letters/U10401.mp [1025])
(./src/letters/U10402.mp [1026]) (./src/letters/U10403.mp [1027])
(./src/letters/U10404.mp [1028]) (./src/letters/U10405.mp [1029])
(./src/letters/U10406.mp [1030]) (./src/letters/U10407.mp [1031])
(./src/letters/U10408.mp [1032]) (./src/letters/U10409.mp [1033])
(./src/letters/U1040a.mp [1034]) (./src/letters/U1040b.mp [1035])
(./src/letters/U1040c.mp [1036]) (./src/letters/U1040d.mp [1037])
(./src/letters/U1040e.mp [1038]) (./src/letters/U1040f.mp [1039])
(./src/letters/U10410.mp [1040]) (./src/letters/U10411.mp [1041])
(./src/letters/U10412.mp [1042]) (./src/letters/U10413.mp [1043])
(./src/letters/U10414.mp [1044]) (./src/letters/U10415.mp [1045])
(./src/letters/U10416.mp [1046]) (./src/letters/U10417.mp [1047])
(./src/letters/U10418.mp [1048]) (./src/letters/U10419.mp [1049])
(./src/letters/U1041a.mp [1050]) (./src/letters/U1041b.mp [1051])
(./src/letters/U1041c.mp [1052]) (./src/letters/U1041d.mp [1053])
(./src/letters/U1041e.mp [1054]) (./src/letters/U1041f.mp [1055])
(./src/letters/U10420.mp [1056]) (./src/letters/U10421.mp [1057])
(./src/letters/U10422.mp [1058]) (./src/letters/U10423.mp [1059])
(./src/letters/U10424.mp [1060]) (./src/letters/U10425.mp [1061])
(./src/letters/U10426.mp [1062]) (./src/letters/U10427.mp [1063])
(./src/letters/Ue000.mp [24576]) (./src/letters/Ue001.mp [24577])
(./src/letters/Ue002.mp [24578]) (./src/letters/Ue003.mp [24579])
(./src/letters/Ue004.mp [24580]) (./src/letters/Ue005.mp [24581])
(./src/letters/Ue00c.mp [24588]) (./src/letters/U0030.mp [48])
(./src/letters/U0031.mp [49]) (./src/letters/U0032.mp [50])
(./src/letters/U0033.mp [51]) (./src/letters/U0034.mp [52])
(./src/letters/U0035.mp [53]) (./src/letters/U0036.mp [54])
(./src/letters/U0037.mp [55]) (./src/letters/U0038.mp [56])
(./src/letters/U0039.mp [57]) (./src/letters/U0021.mp [33])
(./src/letters/U0022.mp [34]) (./src/letters/U0023.mp [35])
(./src/letters/U0024.mp [36]) (./src/letters/U0027.mp [39])
(./src/letters/U0028.mp [40]) (./src/letters/U0029.mp [41])
(./src/letters/U002a.mp [42]) (./src/letters/U002b.mp [43])
(./src/letters/U002c.mp [44]) (./src/letters/U002d.mp [45])
(./src/letters/U002e.mp [46]) (./src/letters/U002f.mp [47])
(./src/letters/U003a.mp [58]) (./src/letters/U003b.mp [59])
(./src/letters/U003c.mp [60]) (./src/letters/U003d.mp [61])
(./src/letters/U003e.mp [62]) (./src/letters/U003f.mp [63])
(./src/letters/U0040.mp [64]) (./src/letters/U005b.mp [91])
(./src/letters/U005c.mp [92]) (./src/letters/U005d.mp [93])
(./src/letters/U007c.mp [124]) )
81 output files written: calyptapis-33.svg .. calyptapis-24588.svg

